1625909353825	geckodriver	INFO	Listening on 127.0.0.1:58689
1625909356890	mozrunner::runner	INFO	Running command: "C:\\Program Files\\Mozilla Firefox\\firefox.exe" "--marionette" "-foreground" "-no-remote" "-profile" "C:\\Users\\domip\\AppData\\Local\\Temp\\rust_mozprofilepiLCc9"
1625909357238	Marionette	INFO	Marionette enabled
console.warn: SearchSettings: "get: No settings file exists, new profile?" (new NotFoundError("Could not open the file at C:\\Users\\domip\\AppData\\Local\\Temp\\rust_mozprofilepiLCc9\\search.json.mozlz4", (void 0)))
1625909359281	Marionette	INFO	Listening on port 58704
1625909359599	Marionette	WARN	TLS certificate errors will be ignored for this session
1625909360757	Marionette	INFO	Stopped listening on port 58704
JavaScript error: resource:///actors/ContentMetaChild.jsm, line 179: InvalidStateError: JSWindowActorChild.sendAsyncMessage: JSWindowActorChild cannot send at the moment

###!!! [Child][RunMessage] Error: Channel closing: too late to send/recv, messages will be lost

1625909508758	geckodriver	INFO	Listening on 127.0.0.1:51019
1625909511845	mozrunner::runner	INFO	Running command: "C:\\Program Files\\Mozilla Firefox\\firefox.exe" "--marionette" "-foreground" "-no-remote" "-profile" "C:\\Users\\domip\\AppData\\Local\\Temp\\rust_mozprofileKUYfLH"
1625909512206	Marionette	INFO	Marionette enabled
console.warn: SearchSettings: "get: No settings file exists, new profile?" (new NotFoundError("Could not open the file at C:\\Users\\domip\\AppData\\Local\\Temp\\rust_mozprofileKUYfLH\\search.json.mozlz4", (void 0)))
1625909514274	Marionette	INFO	Listening on port 51034
1625909514539	Marionette	WARN	TLS certificate errors will be ignored for this session
1625909515683	Marionette	INFO	Stopped listening on port 51034
JavaScript error: resource:///actors/ContentMetaChild.jsm, line 179: InvalidStateError: JSWindowActorChild.sendAsyncMessage: JSWindowActorChild cannot send at the moment
JavaScript error: resource://gre/modules/UrlClassifierListManager.jsm, line 691: TypeError: this.tablesData[table] is undefined
1625909569122	geckodriver	INFO	Listening on 127.0.0.1:51154
1625909572197	mozrunner::runner	INFO	Running command: "C:\\Program Files\\Mozilla Firefox\\firefox.exe" "--marionette" "-foreground" "-no-remote" "-profile" "C:\\Users\\domip\\AppData\\Local\\Temp\\rust_mozprofileAyffOU"
1625909572529	Marionette	INFO	Marionette enabled
console.warn: SearchSettings: "get: No settings file exists, new profile?" (new NotFoundError("Could not open the file at C:\\Users\\domip\\AppData\\Local\\Temp\\rust_mozprofileAyffOU\\search.json.mozlz4", (void 0)))
1625909574576	Marionette	INFO	Listening on port 51169
1625909574862	Marionette	WARN	TLS certificate errors will be ignored for this session
1625909579804	Marionette	INFO	Stopped listening on port 51169
[Child 6844, IPC I/O Child] WARNING: pipe error: 232: file /builds/worker/checkouts/gecko/ipc/chromium/src/chrome/common/ipc_channel_win.cc:544
1625909601732	geckodriver	INFO	Listening on 127.0.0.1:51303
1625909604821	mozrunner::runner	INFO	Running command: "C:\\Program Files\\Mozilla Firefox\\firefox.exe" "--marionette" "-foreground" "-no-remote" "-profile" "C:\\Users\\domip\\AppData\\Local\\Temp\\rust_mozprofilea2c5D9"
1625909605154	Marionette	INFO	Marionette enabled
console.warn: SearchSettings: "get: No settings file exists, new profile?" (new NotFoundError("Could not open the file at C:\\Users\\domip\\AppData\\Local\\Temp\\rust_mozprofilea2c5D9\\search.json.mozlz4", (void 0)))
1625909607179	Marionette	INFO	Listening on port 51318
[Parent 14236, IPC I/O Parent] WARNING: file /builds/worker/checkouts/gecko/ipc/chromium/src/base/process_util_win.cc:167
1625909607485	Marionette	WARN	TLS certificate errors will be ignored for this session
1625909608560	Marionette	INFO	Stopped listening on port 51318

###!!! [Child][RunMessage] Error: Channel closing: too late to send/recv, messages will be lost

1625909730019	geckodriver	INFO	Listening on 127.0.0.1:51437
1625909733113	mozrunner::runner	INFO	Running command: "C:\\Program Files\\Mozilla Firefox\\firefox.exe" "--marionette" "-foreground" "-no-remote" "-profile" "C:\\Users\\domip\\AppData\\Local\\Temp\\rust_mozprofilevj5A5x"
1625909733469	Marionette	INFO	Marionette enabled
console.warn: SearchSettings: "get: No settings file exists, new profile?" (new NotFoundError("Could not open the file at C:\\Users\\domip\\AppData\\Local\\Temp\\rust_mozprofilevj5A5x\\search.json.mozlz4", (void 0)))
1625909735712	Marionette	INFO	Listening on port 51452
1625909735808	Marionette	WARN	TLS certificate errors will be ignored for this session
[Parent 13764, IPC I/O Parent] WARNING: file /builds/worker/checkouts/gecko/ipc/chromium/src/base/process_util_win.cc:167
1625909738430	Marionette	INFO	Stopped listening on port 51452
JavaScript error: resource://gre/modules/UrlClassifierListManager.jsm, line 691: TypeError: this.tablesData[table] is undefined

###!!! [Child][RunMessage] Error: Channel closing: too late to send/recv, messages will be lost

1625909790239	geckodriver	INFO	Listening on 127.0.0.1:59826
1625909793321	mozrunner::runner	INFO	Running command: "C:\\Program Files\\Mozilla Firefox\\firefox.exe" "--marionette" "-foreground" "-no-remote" "-profile" "C:\\Users\\domip\\AppData\\Local\\Temp\\rust_mozprofileczoPKo"
1625909793665	Marionette	INFO	Marionette enabled
console.warn: SearchSettings: "get: No settings file exists, new profile?" (new NotFoundError("Could not open the file at C:\\Users\\domip\\AppData\\Local\\Temp\\rust_mozprofileczoPKo\\search.json.mozlz4", (void 0)))
1625909795736	Marionette	INFO	Listening on port 59841
1625909795984	Marionette	WARN	TLS certificate errors will be ignored for this session
1625909798828	Marionette	INFO	Stopped listening on port 59841
[Parent 4676, IPC I/O Parent] WARNING: file /builds/worker/checkouts/gecko/ipc/chromium/src/base/process_util_win.cc:167
JavaScript error: resource:///modules/FaviconLoader.jsm, line 596: InvalidStateError: JSWindowActorChild.sendAsyncMessage: JSWindowActorChild cannot send at the moment
1626263286854	geckodriver	INFO	Listening on 127.0.0.1:49231
1626263289904	mozrunner::runner	INFO	Running command: "C:\\Program Files\\Mozilla Firefox\\firefox.exe" "--marionette" "-foreground" "-no-remote" "-profile" "C:\\Users\\domip\\AppData\\Local\\Temp\\rust_mozprofile3lqYP7"
1626263290214	Marionette	INFO	Marionette enabled
console.warn: SearchSettings: "get: No settings file exists, new profile?" (new NotFoundError("Could not open the file at C:\\Users\\domip\\AppData\\Local\\Temp\\rust_mozprofile3lqYP7\\search.json.mozlz4", (void 0)))
1626263292316	Marionette	INFO	Listening on port 58469
1626263292595	Marionette	WARN	TLS certificate errors will be ignored for this session
1626263295084	Marionette	INFO	Stopped listening on port 58469

###!!! [Child][MessageChannel] Error: (msgtype=0x230030,name=PBrowser::Msg___delete__) Channel closing: too late to send/recv, messages will be lost

JavaScript error: resource://gre/modules/Sqlite.jsm, line 1030: Error: Sqlite.jsm has been shutdown. Cannot open connection to: C:\Users\domip\AppData\Local\Temp\rust_mozprofile3lqYP7\protections.sqlite
1626263323758	geckodriver	INFO	Listening on 127.0.0.1:50675
1626263326822	mozrunner::runner	INFO	Running command: "C:\\Program Files\\Mozilla Firefox\\firefox.exe" "--marionette" "-foreground" "-no-remote" "-profile" "C:\\Users\\domip\\AppData\\Local\\Temp\\rust_mozprofileseL2qf"
1626263327141	Marionette	INFO	Marionette enabled
console.warn: SearchSettings: "get: No settings file exists, new profile?" (new NotFoundError("Could not open the file at C:\\Users\\domip\\AppData\\Local\\Temp\\rust_mozprofileseL2qf\\search.json.mozlz4", (void 0)))
1626263329462	Marionette	INFO	Listening on port 52232
1626263329549	Marionette	WARN	TLS certificate errors will be ignored for this session
1626263330251	Marionette	INFO	Stopped listening on port 52232
console.warn: services.settings: main/whats-new-panel sync interrupted by shutdown
JavaScript error: https://www.byggmax.no/static/version1625133913/frontend/Byggmax/base/nn_NO/requirejs/require.js, line 16: Error: Script error for: jquery/jquery.mobile.custom
http://requirejs.org/docs/errors.html#scripterror
JavaScript error: https://www.byggmax.no/static/version1625133913/frontend/Byggmax/base/nn_NO/requirejs/require.js, line 16: Error: Script error for: jquery
http://requirejs.org/docs/errors.html#scripterror
JavaScript error: https://www.byggmax.no/static/version1625133913/frontend/Byggmax/base/nn_NO/requirejs/require.js, line 16: Error: Script error for: mage/common
http://requirejs.org/docs/errors.html#scripterror
JavaScript error: https://www.byggmax.no/static/version1625133913/frontend/Byggmax/base/nn_NO/requirejs/require.js, line 16: Error: Script error for: Magento_Translation/js/mage-translation-dictionary
http://requirejs.org/docs/errors.html#scripterror
JavaScript error: https://www.byggmax.no/static/version1625133913/frontend/Byggmax/base/nn_NO/requirejs/require.js, line 16: Error: Script error for: mage/dataPost
http://requirejs.org/docs/errors.html#scripterror
JavaScript error: https://www.byggmax.no/static/version1625133913/frontend/Byggmax/base/nn_NO/requirejs/require.js, line 16: Error: Script error for: matchMedia
http://requirejs.org/docs/errors.html#scripterror
JavaScript error: https://www.byggmax.no/static/version1625133913/frontend/Byggmax/base/nn_NO/requirejs/require.js, line 16: Error: Script error for: mage/dropdown
http://requirejs.org/docs/errors.html#scripterror
JavaScript error: https://www.byggmax.no/static/version1625133913/frontend/Byggmax/base/nn_NO/requirejs/require.js, line 16: Error: Script error for: mage/bootstrap
http://requirejs.org/docs/errors.html#scripterror
JavaScript error: https://www.byggmax.no/static/version1625133913/frontend/Byggmax/base/nn_NO/requirejs/require.js, line 16: Error: Script error for: Scandi_MagicZoom/js/gallery
http://requirejs.org/docs/errors.html#scripterror
JavaScript error: https://www.byggmax.no/static/version1625133913/frontend/Byggmax/base/nn_NO/requirejs/require.js, line 16: Error: Script error for: mage/cookies
http://requirejs.org/docs/errors.html#scripterror
JavaScript error: https://www.byggmax.no/static/version1625133913/frontend/Byggmax/base/nn_NO/requirejs/require.js, line 16: Error: Script error for: Amasty_Shopby/js/amShopbyResponsive
http://requirejs.org/docs/errors.html#scripterror
JavaScript error: https://www.byggmax.no/static/version1625133913/frontend/Byggmax/base/nn_NO/requirejs/require.js, line 16: Error: Script error for: mage/translate-inline
http://requirejs.org/docs/errors.html#scripterror
JavaScript error: https://www.byggmax.no/static/version1625133913/frontend/Byggmax/base/nn_NO/requirejs/require.js, line 16: Error: Script error for: js/Byggmax/selects-main
http://requirejs.org/docs/errors.html#scripterror
JavaScript error: resource://gre/modules/Sqlite.jsm, line 1030: Error: Sqlite.jsm has been shutdown. Cannot open connection to: C:\Users\domip\AppData\Local\Temp\rust_mozprofileseL2qf\protections.sqlite

###!!! [Child][RunMessage] Error: Channel closing: too late to send/recv, messages will be lost

1626263394805	geckodriver	INFO	Listening on 127.0.0.1:63111
1626263397859	mozrunner::runner	INFO	Running command: "C:\\Program Files\\Mozilla Firefox\\firefox.exe" "--marionette" "-foreground" "-no-remote" "-profile" "C:\\Users\\domip\\AppData\\Local\\Temp\\rust_mozprofiledS3HYM"
1626263398160	Marionette	INFO	Marionette enabled
console.warn: SearchSettings: "get: No settings file exists, new profile?" (new NotFoundError("Could not open the file at C:\\Users\\domip\\AppData\\Local\\Temp\\rust_mozprofiledS3HYM\\search.json.mozlz4", (void 0)))
1626263400009	Marionette	INFO	Listening on port 50328
1626263400057	Marionette	WARN	TLS certificate errors will be ignored for this session
1626263402703	Marionette	INFO	Stopped listening on port 50328
[Parent 15728, IPC I/O Parent] WARNING: file /builds/worker/checkouts/gecko/ipc/chromium/src/base/process_util_win.cc:167
JavaScript error: https://www.byggmax.no/static/version1625133913/frontend/Byggmax/base/nn_NO/requirejs/require.js, line 16: Error: Script error for: matchMedia
http://requirejs.org/docs/errors.html#scripterror
JavaScript error: https://www.byggmax.no/static/version1625133913/frontend/Byggmax/base/nn_NO/requirejs/require.js, line 16: Error: Script error for: jquery
http://requirejs.org/docs/errors.html#scripterror
JavaScript error: https://www.byggmax.no/static/version1625133913/frontend/Byggmax/base/nn_NO/requirejs/require.js, line 16: Error: Script error for: jquery/jquery.mobile.custom
http://requirejs.org/docs/errors.html#scripterror
JavaScript error: https://www.byggmax.no/static/version1625133913/frontend/Byggmax/base/nn_NO/requirejs/require.js, line 16: Error: Script error for: mage/common
http://requirejs.org/docs/errors.html#scripterror
JavaScript error: https://www.byggmax.no/static/version1625133913/frontend/Byggmax/base/nn_NO/requirejs/require.js, line 16: Error: Script error for: mage/dataPost
http://requirejs.org/docs/errors.html#scripterror
JavaScript error: https://www.byggmax.no/static/version1625133913/frontend/Byggmax/base/nn_NO/requirejs/require.js, line 16: Error: Script error for: mage/bootstrap
http://requirejs.org/docs/errors.html#scripterror
JavaScript error: https://www.byggmax.no/static/version1625133913/frontend/Byggmax/base/nn_NO/requirejs/require.js, line 16: Error: Script error for: mage/translate-inline
http://requirejs.org/docs/errors.html#scripterror
JavaScript error: https://www.byggmax.no/static/version1625133913/frontend/Byggmax/base/nn_NO/requirejs/require.js, line 16: Error: Script error for: Magento_Translation/js/mage-translation-dictionary
http://requirejs.org/docs/errors.html#scripterror
JavaScript error: https://www.byggmax.no/static/version1625133913/frontend/Byggmax/base/nn_NO/requirejs/require.js, line 16: Error: Script error for: Amasty_Shopby/js/amShopbyResponsive
http://requirejs.org/docs/errors.html#scripterror
JavaScript error: https://www.byggmax.no/static/version1625133913/frontend/Byggmax/base/nn_NO/requirejs/require.js, line 16: Error: Script error for: js/Byggmax/selects-main
http://requirejs.org/docs/errors.html#scripterror
JavaScript error: https://www.byggmax.no/static/version1625133913/frontend/Byggmax/base/nn_NO/requirejs/require.js, line 16: Error: Script error for: mage/cookies
http://requirejs.org/docs/errors.html#scripterror
JavaScript error: https://www.byggmax.no/static/version1625133913/frontend/Byggmax/base/nn_NO/requirejs/require.js, line 16: Error: Script error for: mage/dropdown
http://requirejs.org/docs/errors.html#scripterror
JavaScript error: https://www.byggmax.no/static/version1625133913/frontend/Byggmax/base/nn_NO/requirejs/require.js, line 16: Error: Script error for: Scandi_MagicZoom/js/gallery
http://requirejs.org/docs/errors.html#scripterror

###!!! [Child][RunMessage] Error: Channel closing: too late to send/recv, messages will be lost

1626263698176	geckodriver	INFO	Listening on 127.0.0.1:53550
1626263701248	mozrunner::runner	INFO	Running command: "C:\\Program Files\\Mozilla Firefox\\firefox.exe" "--marionette" "-foreground" "-no-remote" "-profile" "C:\\Users\\domip\\AppData\\Local\\Temp\\rust_mozprofileq5emtg"
1626263701543	Marionette	INFO	Marionette enabled
console.warn: SearchSettings: "get: No settings file exists, new profile?" (new NotFoundError("Could not open the file at C:\\Users\\domip\\AppData\\Local\\Temp\\rust_mozprofileq5emtg\\search.json.mozlz4", (void 0)))
1626263703786	Marionette	INFO	Listening on port 51900
1626263703951	Marionette	WARN	TLS certificate errors will be ignored for this session
1626263704593	Marionette	INFO	Stopped listening on port 51900
JavaScript error: https://www.byggmax.no/static/version1625133913/frontend/Byggmax/base/nn_NO/requirejs/require.js, line 16: Error: Script error for: jquery
http://requirejs.org/docs/errors.html#scripterror
JavaScript error: resource://gre/modules/Sqlite.jsm, line 1030: Error: Sqlite.jsm has been shutdown. Cannot open connection to: C:\Users\domip\AppData\Local\Temp\rust_mozprofileq5emtg\protections.sqlite

###!!! [Child][RunMessage] Error: Channel closing: too late to send/recv, messages will be lost

1626263732431	geckodriver	INFO	Listening on 127.0.0.1:62366
1626263735464	mozrunner::runner	INFO	Running command: "C:\\Program Files\\Mozilla Firefox\\firefox.exe" "--marionette" "-foreground" "-no-remote" "-profile" "C:\\Users\\domip\\AppData\\Local\\Temp\\rust_mozprofile0XmmrF"
1626263735767	Marionette	INFO	Marionette enabled
console.warn: SearchSettings: "get: No settings file exists, new profile?" (new NotFoundError("Could not open the file at C:\\Users\\domip\\AppData\\Local\\Temp\\rust_mozprofile0XmmrF\\search.json.mozlz4", (void 0)))
1626263737880	Marionette	INFO	Listening on port 50056
1626263738149	Marionette	WARN	TLS certificate errors will be ignored for this session
1626263738954	Marionette	INFO	Stopped listening on port 50056
JavaScript error: https://www.byggmax.no/static/version1625133913/frontend/Byggmax/base/nn_NO/requirejs/require.js, line 16: Error: Script error for: jquery/jquery.mobile.custom
http://requirejs.org/docs/errors.html#scripterror
JavaScript error: https://www.byggmax.no/static/version1625133913/frontend/Byggmax/base/nn_NO/requirejs/require.js, line 16: Error: Script error for: jquery
http://requirejs.org/docs/errors.html#scripterror
JavaScript error: https://www.byggmax.no/static/version1625133913/frontend/Byggmax/base/nn_NO/requirejs/require.js, line 16: Error: Script error for: mage/bootstrap
http://requirejs.org/docs/errors.html#scripterror
JavaScript error: https://www.byggmax.no/static/version1625133913/frontend/Byggmax/base/nn_NO/requirejs/require.js, line 16: Error: Script error for: mage/dataPost
http://requirejs.org/docs/errors.html#scripterror
JavaScript error: https://www.byggmax.no/static/version1625133913/frontend/Byggmax/base/nn_NO/requirejs/require.js, line 16: Error: Script error for: mage/common
http://requirejs.org/docs/errors.html#scripterror
JavaScript error: https://www.byggmax.no/static/version1625133913/frontend/Byggmax/base/nn_NO/requirejs/require.js, line 16: Error: Script error for: mage/translate-inline
http://requirejs.org/docs/errors.html#scripterror
JavaScript error: https://www.byggmax.no/static/version1625133913/frontend/Byggmax/base/nn_NO/requirejs/require.js, line 16: Error: Script error for: Magento_Translation/js/mage-translation-dictionary
http://requirejs.org/docs/errors.html#scripterror
JavaScript error: https://www.byggmax.no/static/version1625133913/frontend/Byggmax/base/nn_NO/requirejs/require.js, line 16: Error: Script error for: matchMedia
http://requirejs.org/docs/errors.html#scripterror
JavaScript error: https://www.byggmax.no/static/version1625133913/frontend/Byggmax/base/nn_NO/requirejs/require.js, line 16: Error: Script error for: Amasty_Shopby/js/amShopbyResponsive
http://requirejs.org/docs/errors.html#scripterror
JavaScript error: https://www.byggmax.no/static/version1625133913/frontend/Byggmax/base/nn_NO/requirejs/require.js, line 16: Error: Script error for: js/Byggmax/selects-main
http://requirejs.org/docs/errors.html#scripterror
JavaScript error: https://www.byggmax.no/static/version1625133913/frontend/Byggmax/base/nn_NO/requirejs/require.js, line 16: Error: Script error for: mage/cookies
http://requirejs.org/docs/errors.html#scripterror
JavaScript error: https://www.byggmax.no/static/version1625133913/frontend/Byggmax/base/nn_NO/requirejs/require.js, line 16: Error: Script error for: mage/dropdown
http://requirejs.org/docs/errors.html#scripterror
JavaScript error: https://www.byggmax.no/static/version1625133913/frontend/Byggmax/base/nn_NO/requirejs/require.js, line 16: Error: Script error for: Scandi_MagicZoom/js/gallery
http://requirejs.org/docs/errors.html#scripterror

###!!! [Child][RunMessage] Error: Channel closing: too late to send/recv, messages will be lost

1626263852722	geckodriver	INFO	Listening on 127.0.0.1:62167
1626263855761	mozrunner::runner	INFO	Running command: "C:\\Program Files\\Mozilla Firefox\\firefox.exe" "--marionette" "-foreground" "-no-remote" "-profile" "C:\\Users\\domip\\AppData\\Local\\Temp\\rust_mozprofileeNIV82"
1626263856067	Marionette	INFO	Marionette enabled
console.warn: SearchSettings: "get: No settings file exists, new profile?" (new NotFoundError("Could not open the file at C:\\Users\\domip\\AppData\\Local\\Temp\\rust_mozprofileeNIV82\\search.json.mozlz4", (void 0)))
1626263858174	Marionette	INFO	Listening on port 49784
1626263858430	Marionette	WARN	TLS certificate errors will be ignored for this session
1626263859257	Marionette	INFO	Stopped listening on port 49784
JavaScript error: https://www.byggmax.no/static/version1625133913/frontend/Byggmax/base/nn_NO/requirejs/require.js, line 16: Error: Script error for: jquery
http://requirejs.org/docs/errors.html#scripterror
JavaScript error: https://www.byggmax.no/static/version1625133913/frontend/Byggmax/base/nn_NO/requirejs/require.js, line 16: Error: Script error for: jquery/jquery.mobile.custom
http://requirejs.org/docs/errors.html#scripterror
JavaScript error: https://www.byggmax.no/static/version1625133913/frontend/Byggmax/base/nn_NO/requirejs/require.js, line 16: Error: Script error for: mage/dataPost
http://requirejs.org/docs/errors.html#scripterror
JavaScript error: https://www.byggmax.no/static/version1625133913/frontend/Byggmax/base/nn_NO/requirejs/require.js, line 16: Error: Script error for: mage/common
http://requirejs.org/docs/errors.html#scripterror
JavaScript error: https://www.byggmax.no/static/version1625133913/frontend/Byggmax/base/nn_NO/requirejs/require.js, line 16: Error: Script error for: mage/translate-inline
http://requirejs.org/docs/errors.html#scripterror
JavaScript error: https://www.byggmax.no/static/version1625133913/frontend/Byggmax/base/nn_NO/requirejs/require.js, line 16: Error: Script error for: Amasty_Shopby/js/amShopbyResponsive
http://requirejs.org/docs/errors.html#scripterror
JavaScript error: https://www.byggmax.no/static/version1625133913/frontend/Byggmax/base/nn_NO/requirejs/require.js, line 16: Error: Script error for: js/Byggmax/selects-main
http://requirejs.org/docs/errors.html#scripterror
JavaScript error: https://www.byggmax.no/static/version1625133913/frontend/Byggmax/base/nn_NO/requirejs/require.js, line 16: Error: Script error for: mage/bootstrap
http://requirejs.org/docs/errors.html#scripterror
JavaScript error: https://www.byggmax.no/static/version1625133913/frontend/Byggmax/base/nn_NO/requirejs/require.js, line 16: Error: Script error for: mage/dropdown
http://requirejs.org/docs/errors.html#scripterror
JavaScript error: https://www.byggmax.no/static/version1625133913/frontend/Byggmax/base/nn_NO/requirejs/require.js, line 16: Error: Script error for: mage/cookies
http://requirejs.org/docs/errors.html#scripterror
JavaScript error: https://www.byggmax.no/static/version1625133913/frontend/Byggmax/base/nn_NO/requirejs/require.js, line 16: Error: Script error for: Magento_Translation/js/mage-translation-dictionary
http://requirejs.org/docs/errors.html#scripterror
JavaScript error: https://www.byggmax.no/static/version1625133913/frontend/Byggmax/base/nn_NO/requirejs/require.js, line 16: Error: Script error for: Scandi_MagicZoom/js/gallery
http://requirejs.org/docs/errors.html#scripterror
JavaScript error: https://www.byggmax.no/static/version1625133913/frontend/Byggmax/base/nn_NO/requirejs/require.js, line 16: Error: Script error for: matchMedia
http://requirejs.org/docs/errors.html#scripterror
1626263916034	geckodriver	INFO	Listening on 127.0.0.1:59672
1626263919073	mozrunner::runner	INFO	Running command: "C:\\Program Files\\Mozilla Firefox\\firefox.exe" "--marionette" "-foreground" "-no-remote" "-profile" "C:\\Users\\domip\\AppData\\Local\\Temp\\rust_mozprofile8m6Mhd"
1626263919380	Marionette	INFO	Marionette enabled
console.warn: SearchSettings: "get: No settings file exists, new profile?" (new NotFoundError("Could not open the file at C:\\Users\\domip\\AppData\\Local\\Temp\\rust_mozprofile8m6Mhd\\search.json.mozlz4", (void 0)))
1626263921304	Marionette	INFO	Listening on port 60754
1626263921780	Marionette	WARN	TLS certificate errors will be ignored for this session
1626263922363	Marionette	INFO	Stopped listening on port 60754
[Parent 16600, IPC I/O Parent] WARNING: file /builds/worker/checkouts/gecko/ipc/chromium/src/base/process_util_win.cc:167

###!!! [Child][RunMessage] Error: Channel closing: too late to send/recv, messages will be lost

1626271771826	geckodriver	INFO	Listening on 127.0.0.1:57799
1626271774903	mozrunner::runner	INFO	Running command: "C:\\Program Files\\Mozilla Firefox\\firefox.exe" "--marionette" "-foreground" "-no-remote" "-profile" "C:\\Users\\domip\\AppData\\Local\\Temp\\rust_mozprofile3ztuTS"
1626271775234	Marionette	INFO	Marionette enabled
console.warn: SearchSettings: "get: No settings file exists, new profile?" (new NotFoundError("Could not open the file at C:\\Users\\domip\\AppData\\Local\\Temp\\rust_mozprofile3ztuTS\\search.json.mozlz4", (void 0)))
1626271777133	Marionette	INFO	Listening on port 55290
1626271777576	Marionette	WARN	TLS certificate errors will be ignored for this session
1626271778410	Marionette	INFO	Stopped listening on port 55290
JavaScript error: https://www.byggmax.no/static/version1625133913/frontend/Byggmax/base/nn_NO/requirejs/require.js, line 16: Error: Script error for: mage/translate-inline
http://requirejs.org/docs/errors.html#scripterror
JavaScript error: https://www.byggmax.no/static/version1625133913/frontend/Byggmax/base/nn_NO/requirejs/require.js, line 16: Error: Script error for: Magento_Translation/js/mage-translation-dictionary
http://requirejs.org/docs/errors.html#scripterror
JavaScript error: https://www.byggmax.no/static/version1625133913/frontend/Byggmax/base/nn_NO/requirejs/require.js, line 16: Error: Script error for: Amasty_Shopby/js/amShopbyResponsive
http://requirejs.org/docs/errors.html#scripterror
JavaScript error: https://www.byggmax.no/static/version1625133913/frontend/Byggmax/base/nn_NO/requirejs/require.js, line 16: Error: Script error for: js/Byggmax/selects-main
http://requirejs.org/docs/errors.html#scripterror
JavaScript error: https://www.byggmax.no/static/version1625133913/frontend/Byggmax/base/nn_NO/requirejs/require.js, line 16: Error: Script error for: mage/cookies
http://requirejs.org/docs/errors.html#scripterror
JavaScript error: https://www.byggmax.no/static/version1625133913/frontend/Byggmax/base/nn_NO/requirejs/require.js, line 16: Error: Script error for: mage/dropdown
http://requirejs.org/docs/errors.html#scripterror
JavaScript error: https://www.byggmax.no/static/version1625133913/frontend/Byggmax/base/nn_NO/requirejs/require.js, line 16: Error: Script error for: Scandi_MagicZoom/js/gallery
http://requirejs.org/docs/errors.html#scripterror
JavaScript error: https://www.byggmax.no/static/version1625133913/frontend/Byggmax/base/nn_NO/requirejs/require.js, line 16: Error: Script error for: matchMedia
http://requirejs.org/docs/errors.html#scripterror
JavaScript error: https://www.byggmax.no/static/version1625133913/frontend/Byggmax/base/nn_NO/requirejs/require.js, line 16: Error: Script error for: jquery
http://requirejs.org/docs/errors.html#scripterror
JavaScript error: https://www.byggmax.no/static/version1625133913/frontend/Byggmax/base/nn_NO/requirejs/require.js, line 16: Error: Script error for: jquery/jquery.mobile.custom
http://requirejs.org/docs/errors.html#scripterror
JavaScript error: https://www.byggmax.no/static/version1625133913/frontend/Byggmax/base/nn_NO/requirejs/require.js, line 16: Error: Script error for: mage/common
http://requirejs.org/docs/errors.html#scripterror
JavaScript error: https://www.byggmax.no/static/version1625133913/frontend/Byggmax/base/nn_NO/requirejs/require.js, line 16: Error: Script error for: mage/dataPost
http://requirejs.org/docs/errors.html#scripterror
JavaScript error: https://www.byggmax.no/static/version1625133913/frontend/Byggmax/base/nn_NO/requirejs/require.js, line 16: Error: Script error for: mage/bootstrap
http://requirejs.org/docs/errors.html#scripterror

###!!! [Child][RunMessage] Error: Channel closing: too late to send/recv, messages will be lost

1626271829986	geckodriver	INFO	Listening on 127.0.0.1:63124
1626271833016	mozrunner::runner	INFO	Running command: "C:\\Program Files\\Mozilla Firefox\\firefox.exe" "--marionette" "-foreground" "-no-remote" "-profile" "C:\\Users\\domip\\AppData\\Local\\Temp\\rust_mozprofileWv8eLm"
1626271833318	Marionette	INFO	Marionette enabled
console.warn: SearchSettings: "get: No settings file exists, new profile?" (new NotFoundError("Could not open the file at C:\\Users\\domip\\AppData\\Local\\Temp\\rust_mozprofileWv8eLm\\search.json.mozlz4", (void 0)))
1626271835038	Marionette	INFO	Listening on port 51808
1626271835117	Marionette	WARN	TLS certificate errors will be ignored for this session
1626271835808	Marionette	INFO	Stopped listening on port 51808
JavaScript error: https://www.byggmax.no/static/version1625133913/frontend/Byggmax/base/nn_NO/requirejs/require.js, line 16: Error: Script error for: Scandi_MagicZoom/js/gallery
http://requirejs.org/docs/errors.html#scripterror
JavaScript error: https://www.byggmax.no/static/version1625133913/frontend/Byggmax/base/nn_NO/requirejs/require.js, line 16: Error: Script error for: js/Byggmax/selects-main
http://requirejs.org/docs/errors.html#scripterror
JavaScript error: https://www.byggmax.no/static/version1625133913/frontend/Byggmax/base/nn_NO/requirejs/require.js, line 16: Error: Script error for: Magento_Ui/js/modal/confirm
http://requirejs.org/docs/errors.html#scripterror
JavaScript error: https://www.byggmax.no/static/version1625133913/frontend/Byggmax/base/nn_NO/requirejs/require.js, line 16: Error: Script error for: jquery-ui-modules/widget
http://requirejs.org/docs/errors.html#scripterror
JavaScript error: https://www.byggmax.no/static/version1625133913/frontend/Byggmax/base/nn_NO/requirejs/require.js, line 16: Error: Script error for: mage/mage
http://requirejs.org/docs/errors.html#scripterror
JavaScript error: https://www.byggmax.no/static/version1625133913/frontend/Byggmax/base/nn_NO/requirejs/require.js, line 16: Error: Script error for: jquery/jquery.cookie
http://requirejs.org/docs/errors.html#scripterror
JavaScript error: https://www.byggmax.no/static/version1625133913/frontend/Byggmax/base/nn_NO/requirejs/require.js, line 16: Error: Script error for: jquery/jquery-migrate
http://requirejs.org/docs/errors.html#scripterror
console.warn: services.settings: main/whats-new-panel sync interrupted by shutdown
JavaScript error: https://www.byggmax.no/static/version1625133913/frontend/Byggmax/base/nn_NO/requirejs/require.js, line 16: Error: Script error for: Magento_PageBuilder/js/resource/slick/slick
http://requirejs.org/docs/errors.html#scripterror
JavaScript error: https://www.byggmax.no/static/version1625133913/frontend/Byggmax/base/nn_NO/requirejs/require.js, line 16: Error: Script error for: matchMedia
http://requirejs.org/docs/errors.html#scripterror
JavaScript error: https://www.byggmax.no/static/version1625133913/frontend/Byggmax/base/nn_NO/requirejs/require.js, line 16: Error: Script error for: mage/template
http://requirejs.org/docs/errors.html#scripterror
JavaScript error: https://www.byggmax.no/static/version1625133913/frontend/Byggmax/base/nn_NO/requirejs/require.js, line 16: Error: Script error for: mage/translate
http://requirejs.org/docs/errors.html#scripterror
JavaScript error: https://www.byggmax.no/static/version1625133913/frontend/Byggmax/base/nn_NO/requirejs/require.js, line 16: Error: Script error for: domReady
http://requirejs.org/docs/errors.html#scripterror
JavaScript error: https://www.byggmax.no/static/version1625133913/frontend/Byggmax/base/nn_NO/requirejs/require.js, line 16: Error: Script error for: text
http://requirejs.org/docs/errors.html#scripterror
JavaScript error: https://www.byggmax.no/static/version1625133913/frontend/Byggmax/base/nn_NO/requirejs/require.js, line 16: Error: Script error for: mage/apply/main
http://requirejs.org/docs/errors.html#scripterror
JavaScript error: https://www.byggmax.no/static/version1625133913/frontend/Byggmax/base/nn_NO/requirejs/require.js, line 16: Error: Script error for: Magento_Ui/js/lib/knockout/bootstrap
http://requirejs.org/docs/errors.html#scripterror
JavaScript error: https://www.byggmax.no/static/version1625133913/frontend/Byggmax/base/nn_NO/requirejs/require.js, line 16: Error: Script error for: Amasty_Shopby/js/amShopbyTopFilters
http://requirejs.org/docs/errors.html#scripterror
JavaScript error: https://www.byggmax.no/static/version1625133913/frontend/Byggmax/base/nn_NO/requirejs/require.js, line 16: Error: Script error for: mage/tabs
http://requirejs.org/docs/errors.html#scripterror
JavaScript error: https://www.byggmax.no/static/version1625133913/frontend/Byggmax/base/nn_NO/requirejs/require.js, line 16: Error: Script error for: jquery/patches/jquery
http://requirejs.org/docs/errors.html#scripterror
JavaScript error: https://www.byggmax.no/static/version1625133913/frontend/Byggmax/base/nn_NO/requirejs/require.js, line 16: Error: Script error for: jquery-ui-modules/dialog
http://requirejs.org/docs/errors.html#scripterror
JavaScript error: https://www.byggmax.no/static/version1625133913/frontend/Byggmax/base/nn_NO/requirejs/require.js, line 16: Error: Script error for: jquery/patches/jquery-ui
http://requirejs.org/docs/errors.html#scripterror

###!!! [Child][RunMessage] Error: Channel closing: too late to send/recv, messages will be lost

1626271877058	geckodriver	INFO	Listening on 127.0.0.1:54337
1626271880152	mozrunner::runner	INFO	Running command: "C:\\Program Files\\Mozilla Firefox\\firefox.exe" "--marionette" "-foreground" "-no-remote" "-profile" "C:\\Users\\domip\\AppData\\Local\\Temp\\rust_mozprofilezmmUmu"
1626271880450	Marionette	INFO	Marionette enabled
console.warn: SearchSettings: "get: No settings file exists, new profile?" (new NotFoundError("Could not open the file at C:\\Users\\domip\\AppData\\Local\\Temp\\rust_mozprofilezmmUmu\\search.json.mozlz4", (void 0)))
1626271882218	Marionette	INFO	Listening on port 51320
1626271882321	Marionette	WARN	TLS certificate errors will be ignored for this session
1626271882931	Marionette	INFO	Stopped listening on port 51320
JavaScript error: https://www.byggmax.no/static/version1625133913/frontend/Byggmax/base/nn_NO/requirejs/require.js, line 16: Error: Script error for: domReady
http://requirejs.org/docs/errors.html#scripterror
JavaScript error: https://www.byggmax.no/static/version1625133913/frontend/Byggmax/base/nn_NO/requirejs/require.js, line 16: Error: Script error for: matchMedia
http://requirejs.org/docs/errors.html#scripterror
JavaScript error: https://www.byggmax.no/static/version1625133913/frontend/Byggmax/base/nn_NO/requirejs/require.js, line 16: Error: Script error for: jquery/jquery-migrate
http://requirejs.org/docs/errors.html#scripterror
JavaScript error: https://www.byggmax.no/static/version1625133913/frontend/Byggmax/base/nn_NO/requirejs/require.js, line 16: Error: Script error for: Magento_PageBuilder/js/resource/slick/slick
http://requirejs.org/docs/errors.html#scripterror
JavaScript error: https://www.byggmax.no/static/version1625133913/frontend/Byggmax/base/nn_NO/requirejs/require.js, line 16: Error: Script error for: mage/dropdown
http://requirejs.org/docs/errors.html#scripterror
JavaScript error: https://www.byggmax.no/static/version1625133913/frontend/Byggmax/base/nn_NO/requirejs/require.js, line 16: Error: Script error for: mage/cookies
http://requirejs.org/docs/errors.html#scripterror
JavaScript error: https://www.byggmax.no/static/version1625133913/frontend/Byggmax/base/nn_NO/requirejs/require.js, line 16: Error: Script error for: Magento_Translation/js/mage-translation-dictionary
http://requirejs.org/docs/errors.html#scripterror
JavaScript error: https://www.byggmax.no/static/version1625133913/frontend/Byggmax/base/nn_NO/requirejs/require.js, line 16: Error: Script error for: Amasty_Shopby/js/amShopbyResponsive
http://requirejs.org/docs/errors.html#scripterror
JavaScript error: https://www.byggmax.no/static/version1625133913/frontend/Byggmax/base/nn_NO/requirejs/require.js, line 16: Error: Script error for: js/Byggmax/selects-main
http://requirejs.org/docs/errors.html#scripterror
JavaScript error: https://www.byggmax.no/static/version1625133913/frontend/Byggmax/base/nn_NO/requirejs/require.js, line 16: Error: Script error for: mage/dataPost
http://requirejs.org/docs/errors.html#scripterror
JavaScript error: https://www.byggmax.no/static/version1625133913/frontend/Byggmax/base/nn_NO/requirejs/require.js, line 16: Error: Script error for: mage/bootstrap
http://requirejs.org/docs/errors.html#scripterror
JavaScript error: https://www.byggmax.no/static/version1625133913/frontend/Byggmax/base/nn_NO/requirejs/require.js, line 16: Error: Script error for: mage/translate-inline
http://requirejs.org/docs/errors.html#scripterror
JavaScript error: https://www.byggmax.no/static/version1625133913/frontend/Byggmax/base/nn_NO/requirejs/require.js, line 16: Error: Script error for: Scandi_MagicZoom/js/gallery
http://requirejs.org/docs/errors.html#scripterror
console.error: Region.jsm: "Error fetching region" (new TypeError("NetworkError when attempting to fetch resource.", ""))
console.error: Region.jsm: "Failed to fetch region" (new Error("NO_RESULT", "resource://gre/modules/Region.jsm", 419))

###!!! [Child][RunMessage] Error: Channel closing: too late to send/recv, messages will be lost

1626271940501	geckodriver	INFO	Listening on 127.0.0.1:65245
1626271943528	mozrunner::runner	INFO	Running command: "C:\\Program Files\\Mozilla Firefox\\firefox.exe" "--marionette" "-foreground" "-no-remote" "-profile" "C:\\Users\\domip\\AppData\\Local\\Temp\\rust_mozprofileg9SYcU"
1626271943832	Marionette	INFO	Marionette enabled
console.warn: SearchSettings: "get: No settings file exists, new profile?" (new NotFoundError("Could not open the file at C:\\Users\\domip\\AppData\\Local\\Temp\\rust_mozprofileg9SYcU\\search.json.mozlz4", (void 0)))
1626271945571	Marionette	INFO	Listening on port 64023
1626271945596	Marionette	WARN	TLS certificate errors will be ignored for this session
1626271946312	Marionette	INFO	Stopped listening on port 64023
console.error: services.settings: 
  main/cfr Signature failed  TypeError: NetworkError when attempting to fetch resource.
JavaScript error: https://www.byggmax.no/static/version1625133913/frontend/Byggmax/base/nn_NO/requirejs/require.js, line 16: Error: Script error for: mage/dataPost
http://requirejs.org/docs/errors.html#scripterror
JavaScript error: https://www.byggmax.no/static/version1625133913/frontend/Byggmax/base/nn_NO/requirejs/require.js, line 16: Error: Script error for: mage/bootstrap
http://requirejs.org/docs/errors.html#scripterror
JavaScript error: https://www.byggmax.no/static/version1625133913/frontend/Byggmax/base/nn_NO/requirejs/require.js, line 16: Error: Script error for: jquery/jquery.mobile.custom
http://requirejs.org/docs/errors.html#scripterror
JavaScript error: https://www.byggmax.no/static/version1625133913/frontend/Byggmax/base/nn_NO/requirejs/require.js, line 16: Error: Script error for: mage/common
http://requirejs.org/docs/errors.html#scripterror
JavaScript error: https://www.byggmax.no/static/version1625133913/frontend/Byggmax/base/nn_NO/requirejs/require.js, line 16: Error: Script error for: jquery
http://requirejs.org/docs/errors.html#scripterror
JavaScript error: https://www.byggmax.no/static/version1625133913/frontend/Byggmax/base/nn_NO/requirejs/require.js, line 16: Error: Script error for: mage/dropdown
http://requirejs.org/docs/errors.html#scripterror
JavaScript error: https://www.byggmax.no/static/version1625133913/frontend/Byggmax/base/nn_NO/requirejs/require.js, line 16: Error: Script error for: Magento_Translation/js/mage-translation-dictionary
http://requirejs.org/docs/errors.html#scripterror
JavaScript error: https://www.byggmax.no/static/version1625133913/frontend/Byggmax/base/nn_NO/requirejs/require.js, line 16: Error: Script error for: Scandi_MagicZoom/js/gallery
http://requirejs.org/docs/errors.html#scripterror
JavaScript error: https://www.byggmax.no/static/version1625133913/frontend/Byggmax/base/nn_NO/requirejs/require.js, line 16: Error: Script error for: mage/translate-inline
http://requirejs.org/docs/errors.html#scripterror
JavaScript error: https://www.byggmax.no/static/version1625133913/frontend/Byggmax/base/nn_NO/requirejs/require.js, line 16: Error: Script error for: mage/cookies
http://requirejs.org/docs/errors.html#scripterror
JavaScript error: https://www.byggmax.no/static/version1625133913/frontend/Byggmax/base/nn_NO/requirejs/require.js, line 16: Error: Script error for: Amasty_Shopby/js/amShopbyResponsive
http://requirejs.org/docs/errors.html#scripterror
JavaScript error: https://www.byggmax.no/static/version1625133913/frontend/Byggmax/base/nn_NO/requirejs/require.js, line 16: Error: Script error for: js/Byggmax/selects-main
http://requirejs.org/docs/errors.html#scripterror
JavaScript error: https://www.byggmax.no/static/version1625133913/frontend/Byggmax/base/nn_NO/requirejs/require.js, line 16: Error: Script error for: matchMedia
http://requirejs.org/docs/errors.html#scripterror

###!!! [Child][RunMessage] Error: Channel closing: too late to send/recv, messages will be lost

1626271946974	geckodriver	INFO	Listening on 127.0.0.1:65478
1626271950025	mozrunner::runner	INFO	Running command: "C:\\Program Files\\Mozilla Firefox\\firefox.exe" "--marionette" "-foreground" "-no-remote" "-profile" "C:\\Users\\domip\\AppData\\Local\\Temp\\rust_mozprofileyiV4lN"
1626271950334	Marionette	INFO	Marionette enabled
console.warn: SearchSettings: "get: No settings file exists, new profile?" (new NotFoundError("Could not open the file at C:\\Users\\domip\\AppData\\Local\\Temp\\rust_mozprofileyiV4lN\\search.json.mozlz4", (void 0)))
1626271952160	Marionette	INFO	Listening on port 52494
1626271952204	Marionette	WARN	TLS certificate errors will be ignored for this session
1626271955396	Marionette	INFO	Stopped listening on port 52494
[Parent 14148, IPC I/O Parent] WARNING: file /builds/worker/checkouts/gecko/ipc/chromium/src/base/process_util_win.cc:167
JavaScript error: https://www.byggmax.no/static/version1625133913/frontend/Byggmax/base/nn_NO/requirejs/require.js, line 16: Error: Script error for: jquery/jquery.mobile.custom
http://requirejs.org/docs/errors.html#scripterror
JavaScript error: https://www.byggmax.no/static/version1625133913/frontend/Byggmax/base/nn_NO/requirejs/require.js, line 16: Error: Script error for: jquery
http://requirejs.org/docs/errors.html#scripterror
JavaScript error: https://www.byggmax.no/static/version1625133913/frontend/Byggmax/base/nn_NO/requirejs/require.js, line 16: Error: Script error for: mage/common
http://requirejs.org/docs/errors.html#scripterror
JavaScript error: https://www.byggmax.no/static/version1625133913/frontend/Byggmax/base/nn_NO/requirejs/require.js, line 16: Error: Script error for: mage/bootstrap
http://requirejs.org/docs/errors.html#scripterror
JavaScript error: https://www.byggmax.no/static/version1625133913/frontend/Byggmax/base/nn_NO/requirejs/require.js, line 16: Error: Script error for: mage/dataPost
http://requirejs.org/docs/errors.html#scripterror
JavaScript error: https://www.byggmax.no/static/version1625133913/frontend/Byggmax/base/nn_NO/requirejs/require.js, line 16: Error: Script error for: mage/translate-inline
http://requirejs.org/docs/errors.html#scripterror
JavaScript error: https://www.byggmax.no/static/version1625133913/frontend/Byggmax/base/nn_NO/requirejs/require.js, line 16: Error: Script error for: Magento_Translation/js/mage-translation-dictionary
http://requirejs.org/docs/errors.html#scripterror
JavaScript error: https://www.byggmax.no/static/version1625133913/frontend/Byggmax/base/nn_NO/requirejs/require.js, line 16: Error: Script error for: Amasty_Shopby/js/amShopbyResponsive
http://requirejs.org/docs/errors.html#scripterror
JavaScript error: https://www.byggmax.no/static/version1625133913/frontend/Byggmax/base/nn_NO/requirejs/require.js, line 16: Error: Script error for: mage/cookies
http://requirejs.org/docs/errors.html#scripterror
JavaScript error: https://www.byggmax.no/static/version1625133913/frontend/Byggmax/base/nn_NO/requirejs/require.js, line 16: Error: Script error for: mage/dropdown
http://requirejs.org/docs/errors.html#scripterror
JavaScript error: https://www.byggmax.no/static/version1625133913/frontend/Byggmax/base/nn_NO/requirejs/require.js, line 16: Error: Script error for: js/Byggmax/selects-main
http://requirejs.org/docs/errors.html#scripterror
JavaScript error: https://www.byggmax.no/static/version1625133913/frontend/Byggmax/base/nn_NO/requirejs/require.js, line 16: Error: Script error for: Scandi_MagicZoom/js/gallery
http://requirejs.org/docs/errors.html#scripterror

###!!! [Child][RunMessage] Error: Channel closing: too late to send/recv, messages will be lost

1626271956005	geckodriver	INFO	Listening on 127.0.0.1:59410
1626271959047	mozrunner::runner	INFO	Running command: "C:\\Program Files\\Mozilla Firefox\\firefox.exe" "--marionette" "-foreground" "-no-remote" "-profile" "C:\\Users\\domip\\AppData\\Local\\Temp\\rust_mozprofiletGaWqC"
1626271959368	Marionette	INFO	Marionette enabled
console.warn: SearchSettings: "get: No settings file exists, new profile?" (new NotFoundError("Could not open the file at C:\\Users\\domip\\AppData\\Local\\Temp\\rust_mozprofiletGaWqC\\search.json.mozlz4", (void 0)))
1626271961074	Marionette	INFO	Listening on port 61510
1626271961144	Marionette	WARN	TLS certificate errors will be ignored for this session
1626271961688	Marionette	INFO	Stopped listening on port 61510
JavaScript error: https://www.byggmax.no/static/version1625133913/frontend/Byggmax/base/nn_NO/requirejs/require.js, line 16: Error: Script error for: mage/dataPost
http://requirejs.org/docs/errors.html#scripterror
JavaScript error: https://www.byggmax.no/static/version1625133913/frontend/Byggmax/base/nn_NO/requirejs/require.js, line 16: Error: Script error for: mage/bootstrap
http://requirejs.org/docs/errors.html#scripterror
JavaScript error: https://www.byggmax.no/static/version1625133913/frontend/Byggmax/base/nn_NO/requirejs/require.js, line 16: Error: Script error for: jquery
http://requirejs.org/docs/errors.html#scripterror
JavaScript error: https://www.byggmax.no/static/version1625133913/frontend/Byggmax/base/nn_NO/requirejs/require.js, line 16: Error: Script error for: jquery/jquery.mobile.custom
http://requirejs.org/docs/errors.html#scripterror
JavaScript error: https://www.byggmax.no/static/version1625133913/frontend/Byggmax/base/nn_NO/requirejs/require.js, line 16: Error: Script error for: mage/common
http://requirejs.org/docs/errors.html#scripterror
JavaScript error: https://www.byggmax.no/static/version1625133913/frontend/Byggmax/base/nn_NO/requirejs/require.js, line 16: Error: Script error for: mage/translate-inline
http://requirejs.org/docs/errors.html#scripterror
JavaScript error: https://www.byggmax.no/static/version1625133913/frontend/Byggmax/base/nn_NO/requirejs/require.js, line 16: Error: Script error for: Magento_Translation/js/mage-translation-dictionary
http://requirejs.org/docs/errors.html#scripterror
JavaScript error: https://www.byggmax.no/static/version1625133913/frontend/Byggmax/base/nn_NO/requirejs/require.js, line 16: Error: Script error for: Scandi_MagicZoom/js/gallery
http://requirejs.org/docs/errors.html#scripterror
JavaScript error: https://www.byggmax.no/static/version1625133913/frontend/Byggmax/base/nn_NO/requirejs/require.js, line 16: Error: Script error for: mage/cookies
http://requirejs.org/docs/errors.html#scripterror
JavaScript error: https://www.byggmax.no/static/version1625133913/frontend/Byggmax/base/nn_NO/requirejs/require.js, line 16: Error: Script error for: Amasty_Shopby/js/amShopbyResponsive
http://requirejs.org/docs/errors.html#scripterror
JavaScript error: https://www.byggmax.no/static/version1625133913/frontend/Byggmax/base/nn_NO/requirejs/require.js, line 16: Error: Script error for: mage/dropdown
http://requirejs.org/docs/errors.html#scripterror
JavaScript error: https://www.byggmax.no/static/version1625133913/frontend/Byggmax/base/nn_NO/requirejs/require.js, line 16: Error: Script error for: js/Byggmax/selects-main
http://requirejs.org/docs/errors.html#scripterror
1626272013992	geckodriver	INFO	Listening on 127.0.0.1:60696
1626272017038	mozrunner::runner	INFO	Running command: "C:\\Program Files\\Mozilla Firefox\\firefox.exe" "--marionette" "-foreground" "-no-remote" "-profile" "C:\\Users\\domip\\AppData\\Local\\Temp\\rust_mozprofileazoK6k"
1626272017352	Marionette	INFO	Marionette enabled
console.warn: SearchSettings: "get: No settings file exists, new profile?" (new NotFoundError("Could not open the file at C:\\Users\\domip\\AppData\\Local\\Temp\\rust_mozprofileazoK6k\\search.json.mozlz4", (void 0)))
1626272019107	Marionette	INFO	Listening on port 52432
1626272019223	Marionette	WARN	TLS certificate errors will be ignored for this session
1626272019804	Marionette	INFO	Stopped listening on port 52432
[Parent 6216, IPC I/O Parent] WARNING: file /builds/worker/checkouts/gecko/ipc/chromium/src/base/process_util_win.cc:167

###!!! [Child][RunMessage] Error: Channel closing: too late to send/recv, messages will be lost

1626272020397	geckodriver	INFO	Listening on 127.0.0.1:55457
1626272023416	mozrunner::runner	INFO	Running command: "C:\\Program Files\\Mozilla Firefox\\firefox.exe" "--marionette" "-foreground" "-no-remote" "-profile" "C:\\Users\\domip\\AppData\\Local\\Temp\\rust_mozprofilekLDCdF"
1626272023708	Marionette	INFO	Marionette enabled
console.warn: SearchSettings: "get: No settings file exists, new profile?" (new NotFoundError("Could not open the file at C:\\Users\\domip\\AppData\\Local\\Temp\\rust_mozprofilekLDCdF\\search.json.mozlz4", (void 0)))
1626272025466	Marionette	INFO	Listening on port 63082
1626272025580	Marionette	WARN	TLS certificate errors will be ignored for this session
1626272026107	Marionette	INFO	Stopped listening on port 63082
console.warn: services.settings: main/cfr sync interrupted by shutdown
console.warn: services.settings: main/whats-new-panel sync interrupted by shutdown

###!!! [Child][RunMessage] Error: Channel closing: too late to send/recv, messages will be lost

1626272026723	geckodriver	INFO	Listening on 127.0.0.1:52934
1626272029766	mozrunner::runner	INFO	Running command: "C:\\Program Files\\Mozilla Firefox\\firefox.exe" "--marionette" "-foreground" "-no-remote" "-profile" "C:\\Users\\domip\\AppData\\Local\\Temp\\rust_mozprofilekkbP4n"
1626272030075	Marionette	INFO	Marionette enabled
console.warn: SearchSettings: "get: No settings file exists, new profile?" (new NotFoundError("Could not open the file at C:\\Users\\domip\\AppData\\Local\\Temp\\rust_mozprofilekkbP4n\\search.json.mozlz4", (void 0)))
1626272031762	Marionette	INFO	Listening on port 55969
1626272031844	Marionette	WARN	TLS certificate errors will be ignored for this session
1626272032351	Marionette	INFO	Stopped listening on port 55969

###!!! [Child][RunMessage] Error: Channel closing: too late to send/recv, messages will be lost

1626342860800	geckodriver	INFO	Listening on 127.0.0.1:50282
1626342863868	mozrunner::runner	INFO	Running command: "C:\\Program Files\\Mozilla Firefox\\firefox.exe" "--marionette" "-foreground" "-no-remote" "-profile" "C:\\Users\\domip\\AppData\\Local\\Temp\\rust_mozprofilektCoDu"
1626342864886	Marionette	INFO	Marionette enabled
console.warn: SearchSettings: "get: No settings file exists, new profile?" (new NotFoundError("Could not open the file at C:\\Users\\domip\\AppData\\Local\\Temp\\rust_mozprofilektCoDu\\search.json.mozlz4", (void 0)))
1626342867850	Marionette	INFO	Listening on port 53520
1626342868095	Marionette	WARN	TLS certificate errors will be ignored for this session
1626342869951	Marionette	INFO	Stopped listening on port 53520

###!!! [Child][RunMessage] Error: Channel closing: too late to send/recv, messages will be lost

1626343057231	geckodriver	INFO	Listening on 127.0.0.1:56062
1626343060315	mozrunner::runner	INFO	Running command: "C:\\Program Files\\Mozilla Firefox\\firefox.exe" "--marionette" "-foreground" "-no-remote" "-profile" "C:\\Users\\domip\\AppData\\Local\\Temp\\rust_mozprofileebD7Uj"
1626343060655	Marionette	INFO	Marionette enabled
console.warn: SearchSettings: "get: No settings file exists, new profile?" (new NotFoundError("Could not open the file at C:\\Users\\domip\\AppData\\Local\\Temp\\rust_mozprofileebD7Uj\\search.json.mozlz4", (void 0)))
1626343062828	Marionette	INFO	Listening on port 57301
1626343062979	Marionette	WARN	TLS certificate errors will be ignored for this session
1626343064620	Marionette	INFO	Stopped listening on port 57301
1626343118586	geckodriver	INFO	Listening on 127.0.0.1:63340
1626343121658	mozrunner::runner	INFO	Running command: "C:\\Program Files\\Mozilla Firefox\\firefox.exe" "--marionette" "-foreground" "-no-remote" "-profile" "C:\\Users\\domip\\AppData\\Local\\Temp\\rust_mozprofileOsB6UK"
1626343121985	Marionette	INFO	Marionette enabled
console.warn: SearchSettings: "get: No settings file exists, new profile?" (new NotFoundError("Could not open the file at C:\\Users\\domip\\AppData\\Local\\Temp\\rust_mozprofileOsB6UK\\search.json.mozlz4", (void 0)))
1626343123986	Marionette	INFO	Listening on port 53310
1626343124326	Marionette	WARN	TLS certificate errors will be ignored for this session
1626343125875	Marionette	INFO	Stopped listening on port 53310

###!!! [Child][RunMessage] Error: Channel closing: too late to send/recv, messages will be lost

1626344304432	geckodriver	INFO	Listening on 127.0.0.1:55018
1626344307495	mozrunner::runner	INFO	Running command: "C:\\Program Files\\Mozilla Firefox\\firefox.exe" "--marionette" "-foreground" "-no-remote" "-profile" "C:\\Users\\domip\\AppData\\Local\\Temp\\rust_mozprofile6cVFaE"
1626344307863	Marionette	INFO	Marionette enabled
console.warn: SearchSettings: "get: No settings file exists, new profile?" (new NotFoundError("Could not open the file at C:\\Users\\domip\\AppData\\Local\\Temp\\rust_mozprofile6cVFaE\\search.json.mozlz4", (void 0)))
1626344310314	Marionette	INFO	Listening on port 61584
1626344310699	Marionette	WARN	TLS certificate errors will be ignored for this session
1626344312159	Marionette	INFO	Stopped listening on port 61584
1626344401780	geckodriver	INFO	Listening on 127.0.0.1:59031
1626344404840	mozrunner::runner	INFO	Running command: "C:\\Program Files\\Mozilla Firefox\\firefox.exe" "--marionette" "-foreground" "-no-remote" "-profile" "C:\\Users\\domip\\AppData\\Local\\Temp\\rust_mozprofileZsnk0c"
1626344405183	Marionette	INFO	Marionette enabled
console.warn: SearchSettings: "get: No settings file exists, new profile?" (new NotFoundError("Could not open the file at C:\\Users\\domip\\AppData\\Local\\Temp\\rust_mozprofileZsnk0c\\search.json.mozlz4", (void 0)))
1626344407335	Marionette	INFO	Listening on port 56154
1626344407511	Marionette	WARN	TLS certificate errors will be ignored for this session
1626344413036	Marionette	INFO	Stopped listening on port 56154

###!!! [Child][RunMessage] Error: Channel closing: too late to send/recv, messages will be lost

1626366288332	geckodriver	INFO	Listening on 127.0.0.1:51810
1626366291405	mozrunner::runner	INFO	Running command: "C:\\Program Files\\Mozilla Firefox\\firefox.exe" "--marionette" "-foreground" "-no-remote" "-profile" "C:\\Users\\domip\\AppData\\Local\\Temp\\rust_mozprofilegdHcbq"
1626366291775	Marionette	INFO	Marionette enabled
console.warn: SearchSettings: "get: No settings file exists, new profile?" (new NotFoundError("Could not open the file at C:\\Users\\domip\\AppData\\Local\\Temp\\rust_mozprofilegdHcbq\\search.json.mozlz4", (void 0)))
1626366294595	Marionette	INFO	Listening on port 51739
1626366295104	Marionette	WARN	TLS certificate errors will be ignored for this session
JavaScript error: https://www.clasohlson.com/no/Duftolje-til-duftspreder-44-3342,-15-ml/p/44-3342-3, line 3786: SyntaxError: '' string literal contains an unescaped line break
1626366299226	Marionette	INFO	Stopped listening on port 51739

###!!! [Child][RunMessage] Error: Channel closing: too late to send/recv, messages will be lost

1626513825612	geckodriver	INFO	Listening on 127.0.0.1:54289
1626513828691	mozrunner::runner	INFO	Running command: "C:\\Program Files\\Mozilla Firefox\\firefox.exe" "--marionette" "-foreground" "-no-remote" "-profile" "C:\\Users\\domip\\AppData\\Local\\Temp\\rust_mozprofileD93uwO"
1626513829072	Marionette	INFO	Marionette enabled
console.warn: SearchSettings: "get: No settings file exists, new profile?" (new NotFoundError("Could not open the file at C:\\Users\\domip\\AppData\\Local\\Temp\\rust_mozprofileD93uwO\\search.json.mozlz4", (void 0)))
1626513831625	Marionette	INFO	Listening on port 59174
1626513831883	Marionette	WARN	TLS certificate errors will be ignored for this session
1626513834701	Marionette	INFO	Stopped listening on port 59174
[Parent 12152, IPC I/O Parent] WARNING: file /builds/worker/checkouts/gecko/ipc/chromium/src/base/process_util_win.cc:167
JavaScript error: resource://gre/modules/Sqlite.jsm, line 1030: Error: Sqlite.jsm has been shutdown. Cannot open connection to: C:\Users\domip\AppData\Local\Temp\rust_mozprofileD93uwO\protections.sqlite
1626513846869	geckodriver	INFO	Listening on 127.0.0.1:53670
1626513849941	mozrunner::runner	INFO	Running command: "C:\\Program Files\\Mozilla Firefox\\firefox.exe" "--marionette" "-foreground" "-no-remote" "-profile" "C:\\Users\\domip\\AppData\\Local\\Temp\\rust_mozprofileAV0XaH"
1626513850299	Marionette	INFO	Marionette enabled
console.warn: SearchSettings: "get: No settings file exists, new profile?" (new NotFoundError("Could not open the file at C:\\Users\\domip\\AppData\\Local\\Temp\\rust_mozprofileAV0XaH\\search.json.mozlz4", (void 0)))
1626513852548	Marionette	INFO	Listening on port 54097
1626513852670	Marionette	WARN	TLS certificate errors will be ignored for this session
1626513853376	Marionette	INFO	Stopped listening on port 54097
[Parent 6552, IPC I/O Parent] WARNING: file /builds/worker/checkouts/gecko/ipc/chromium/src/base/process_util_win.cc:167
console.error: services.settings: 
  main/whats-new-panel Signature failed  TypeError: NetworkError when attempting to fetch resource.
JavaScript error: resource://gre/modules/Sqlite.jsm, line 1030: Error: Sqlite.jsm has been shutdown. Cannot open connection to: C:\Users\domip\AppData\Local\Temp\rust_mozprofileAV0XaH\protections.sqlite
1626513866409	geckodriver	INFO	Listening on 127.0.0.1:58914
1626513869461	mozrunner::runner	INFO	Running command: "C:\\Program Files\\Mozilla Firefox\\firefox.exe" "--marionette" "-foreground" "-no-remote" "-profile" "C:\\Users\\domip\\AppData\\Local\\Temp\\rust_mozprofileTRx2X6"
1626513869785	Marionette	INFO	Marionette enabled
console.warn: SearchSettings: "get: No settings file exists, new profile?" (new NotFoundError("Could not open the file at C:\\Users\\domip\\AppData\\Local\\Temp\\rust_mozprofileTRx2X6\\search.json.mozlz4", (void 0)))
1626513872261	Marionette	INFO	Listening on port 57374
1626513872639	Marionette	WARN	TLS certificate errors will be ignored for this session
1626513873426	Marionette	INFO	Stopped listening on port 57374
JavaScript error: resource://gre/modules/Sqlite.jsm, line 1030: Error: Sqlite.jsm has been shutdown. Cannot open connection to: C:\Users\domip\AppData\Local\Temp\rust_mozprofileTRx2X6\protections.sqlite

###!!! [Child][RunMessage] Error: Channel closing: too late to send/recv, messages will be lost

1626513885860	geckodriver	INFO	Listening on 127.0.0.1:50337
1626513888925	mozrunner::runner	INFO	Running command: "C:\\Program Files\\Mozilla Firefox\\firefox.exe" "--marionette" "-foreground" "-no-remote" "-profile" "C:\\Users\\domip\\AppData\\Local\\Temp\\rust_mozprofileyyQ1Y2"
1626513889258	Marionette	INFO	Marionette enabled
console.warn: SearchSettings: "get: No settings file exists, new profile?" (new NotFoundError("Could not open the file at C:\\Users\\domip\\AppData\\Local\\Temp\\rust_mozprofileyyQ1Y2\\search.json.mozlz4", (void 0)))
1626513891824	Marionette	INFO	Listening on port 65513
1626513892134	Marionette	WARN	TLS certificate errors will be ignored for this session
1626513893173	Marionette	INFO	Stopped listening on port 65513

###!!! [Child][RunMessage] Error: Channel closing: too late to send/recv, messages will be lost

